<?xml version="1.0" encoding="UTF-8"?>
<testsuites name="Mocha Tests" time="3.843" tests="1" failures="0">
  <testsuite name="Root Suite" timestamp="2020-06-04T09:05:24" tests="0" file="cypress\integration\test.spec.js" failures="0" time="0">
  </testsuite>
  <testsuite name="Some tests" timestamp="2020-06-04T09:05:24" tests="1" failures="0" time="3.843">
    <testcase name="Some tests page loads" time="3.843" classname="page loads">
    </testcase>
  </testsuite>
</testsuites>